serialportapi/build/intermediates/manifest_merge_blame_file/debug/manifest-merger-blame-debug-report.txt
1<?xml version="1.0" encoding="utf-8"?>
2<manifest xmlns:android="http://schemas.android.com/apk/res/android"
3    package="android_serialport_api.sample"
4    android:versionCode="3"
5    android:versionName="1.2" >
6
7    <uses-sdk
8        android:minSdkVersion="14"
8-->src\main\AndroidManifest.xml
9        android:targetSdkVersion="30" />
9-->src\main\AndroidManifest.xml
10
11    <application
11-->src\main\AndroidManifest.xml:7:5-10:19
12        android:icon="@drawable/icon"
12-->src\main\AndroidManifest.xml:8:9-38
13        android:label="@string/app_name" >
13-->src\main\AndroidManifest.xml:9:9-41
14    </application>
15
16</manifest>